mode: set
agnos-hospital-middleware/controllers/patient_controller.go:34.36,38.49 2 1
agnos-hospital-middleware/controllers/patient_controller.go:38.49,41.3 2 1
agnos-hospital-middleware/controllers/patient_controller.go:44.2,44.54 1 1
agnos-hospital-middleware/controllers/patient_controller.go:44.54,47.3 2 1
agnos-hospital-middleware/controllers/patient_controller.go:49.2,50.32 2 1
agnos-hospital-middleware/controllers/patient_controller.go:50.32,53.3 2 1
agnos-hospital-middleware/controllers/patient_controller.go:55.2,58.24 3 1
agnos-hospital-middleware/controllers/patient_controller.go:58.24,60.28 2 1
agnos-hospital-middleware/controllers/patient_controller.go:60.28,63.4 2 1
agnos-hospital-middleware/controllers/patient_controller.go:63.9,63.51 1 1
agnos-hospital-middleware/controllers/patient_controller.go:63.51,65.4 1 1
agnos-hospital-middleware/controllers/patient_controller.go:67.3,68.14 2 1
agnos-hospital-middleware/controllers/patient_controller.go:68.14,71.4 2 0
agnos-hospital-middleware/controllers/patient_controller.go:74.2,77.4 1 1
agnos-hospital-middleware/controllers/patient_controller.go:80.53,81.65 1 1
agnos-hospital-middleware/controllers/patient_controller.go:81.65,83.3 1 1
agnos-hospital-middleware/controllers/patient_controller.go:84.2,84.13 1 1
agnos-hospital-middleware/controllers/patient_controller.go:87.99,89.28 2 1
agnos-hospital-middleware/controllers/patient_controller.go:89.28,91.3 1 1
agnos-hospital-middleware/controllers/patient_controller.go:91.8,91.35 1 0
agnos-hospital-middleware/controllers/patient_controller.go:91.35,93.3 1 0
agnos-hospital-middleware/controllers/patient_controller.go:95.2,96.16 2 1
agnos-hospital-middleware/controllers/patient_controller.go:96.16,98.3 1 1
agnos-hospital-middleware/controllers/patient_controller.go:99.2,101.38 2 1
agnos-hospital-middleware/controllers/patient_controller.go:101.38,103.3 1 0
agnos-hospital-middleware/controllers/patient_controller.go:105.2,106.16 2 1
agnos-hospital-middleware/controllers/patient_controller.go:106.16,108.3 1 0
agnos-hospital-middleware/controllers/patient_controller.go:110.2,111.63 2 1
agnos-hospital-middleware/controllers/patient_controller.go:111.63,113.3 1 1
agnos-hospital-middleware/controllers/patient_controller.go:115.2,115.54 1 1
agnos-hospital-middleware/controllers/patient_controller.go:115.54,117.3 1 1
agnos-hospital-middleware/controllers/patient_controller.go:119.2,140.38 3 1
agnos-hospital-middleware/controllers/patient_controller.go:143.86,148.28 3 1
agnos-hospital-middleware/controllers/patient_controller.go:148.28,150.3 1 1
agnos-hospital-middleware/controllers/patient_controller.go:151.2,151.28 1 1
agnos-hospital-middleware/controllers/patient_controller.go:151.28,153.3 1 1
agnos-hospital-middleware/controllers/patient_controller.go:154.2,154.27 1 1
agnos-hospital-middleware/controllers/patient_controller.go:154.27,156.3 1 0
agnos-hospital-middleware/controllers/patient_controller.go:157.2,157.28 1 1
agnos-hospital-middleware/controllers/patient_controller.go:157.28,159.3 1 0
agnos-hospital-middleware/controllers/patient_controller.go:160.2,160.26 1 1
agnos-hospital-middleware/controllers/patient_controller.go:160.26,162.3 1 0
agnos-hospital-middleware/controllers/patient_controller.go:163.2,163.29 1 1
agnos-hospital-middleware/controllers/patient_controller.go:163.29,165.3 1 0
agnos-hospital-middleware/controllers/patient_controller.go:166.2,166.29 1 1
agnos-hospital-middleware/controllers/patient_controller.go:166.29,168.3 1 0
agnos-hospital-middleware/controllers/patient_controller.go:169.2,169.23 1 1
agnos-hospital-middleware/controllers/patient_controller.go:169.23,171.3 1 0
agnos-hospital-middleware/controllers/patient_controller.go:173.2,174.25 2 1
agnos-hospital-middleware/controllers/patient_controller.go:174.26,176.3 0 0
agnos-hospital-middleware/controllers/patient_controller.go:178.2,178.17 1 1
agnos-hospital-middleware/controllers/patient_controller.go:181.69,183.13 2 1
agnos-hospital-middleware/controllers/patient_controller.go:183.13,185.3 1 1
agnos-hospital-middleware/controllers/patient_controller.go:187.2,188.9 2 1
agnos-hospital-middleware/controllers/patient_controller.go:188.9,190.3 1 1
agnos-hospital-middleware/controllers/patient_controller.go:191.2,191.29 1 1
agnos-hospital-middleware/controllers/staff_controller.go:18.34,20.57 2 1
agnos-hospital-middleware/controllers/staff_controller.go:20.57,23.3 2 1
agnos-hospital-middleware/controllers/staff_controller.go:25.2,33.16 5 1
agnos-hospital-middleware/controllers/staff_controller.go:33.16,36.3 2 0
agnos-hospital-middleware/controllers/staff_controller.go:39.2,45.48 2 1
agnos-hospital-middleware/controllers/staff_controller.go:45.48,48.3 2 0
agnos-hospital-middleware/controllers/staff_controller.go:50.2,50.58 1 1
agnos-hospital-middleware/controllers/staff_controller.go:59.33,61.49 2 1
agnos-hospital-middleware/controllers/staff_controller.go:61.49,64.3 2 0
agnos-hospital-middleware/controllers/staff_controller.go:66.2,69.84 3 1
agnos-hospital-middleware/controllers/staff_controller.go:69.84,72.3 2 1
agnos-hospital-middleware/controllers/staff_controller.go:74.2,75.118 2 1
agnos-hospital-middleware/controllers/staff_controller.go:75.118,78.3 2 1
agnos-hospital-middleware/controllers/staff_controller.go:80.2,80.62 1 1
agnos-hospital-middleware/controllers/staff_controller.go:80.62,83.3 2 1
agnos-hospital-middleware/controllers/staff_controller.go:85.2,86.16 2 1
agnos-hospital-middleware/controllers/staff_controller.go:86.16,89.3 2 0
agnos-hospital-middleware/controllers/staff_controller.go:91.2,91.46 1 1
